<?xml version="1.0" encoding="UTF-8" ?>
<testsuite errors="0" failures="0" hostname="matbis-xubuntu-vb" name="it.unibo.sdls.sampleproject.dao.tests.online.PublisherDAOTest" skipped="0" tests="1" time="0.349" timestamp="2015-12-09T00:19:40">
  <properties>
    <property name="java.vendor" value="Oracle Corporation" />
    <property name="lib.dir" value="lib" />
    <property name="sun.java.launcher" value="SUN_STANDARD" />
    <property name="database.name" value="sampleProjectDB.data" />
    <property name="eclipse.pdebuild.templates" value="/opt/eclipse/eclipse/plugins/org.eclipse.pde.build_3.9.100.v20150521-1524/templates//" />
    <property name="sun.management.compiler" value="HotSpot 64-Bit Tiered Compilers" />
    <property name="os.name" value="Linux" />
    <property name="sun.boot.class.path" value="/opt/java/jdk1.8.0_65/jre/lib/resources.jar:/opt/java/jdk1.8.0_65/jre/lib/rt.jar:/opt/java/jdk1.8.0_65/jre/lib/sunrsasign.jar:/opt/java/jdk1.8.0_65/jre/lib/jsse.jar:/opt/java/jdk1.8.0_65/jre/lib/jce.jar:/opt/java/jdk1.8.0_65/jre/lib/charsets.jar:/opt/java/jdk1.8.0_65/jre/lib/jfr.jar:/opt/java/jdk1.8.0_65/jre/classes" />
    <property name="java.vm.specification.vendor" value="Oracle Corporation" />
    <property name="ant.home" value="/opt/eclipse/eclipse/plugins/org.apache.ant_1.9.4.v201504302020" />
    <property name="java.runtime.version" value="1.8.0_65-b17" />
    <property name="user.name" value="matbis" />
    <property name="dd.dir" value="/home/matbis/Documents/workspace/ProgettoSistemiDistribuitiLS_EJB3/dd" />
    <property name="build.dir" value="/home/matbis/Documents/workspace/ProgettoSistemiDistribuitiLS_EJB3/build/classes" />
    <property name="user.language" value="en" />
    <property name="sun.boot.library.path" value="/opt/java/jdk1.8.0_65/jre/lib/amd64" />
    <property name="ant.project.default-target" value="prepare" />
    <property name="ant.project.name" value="Progetto Sistemi Distribuiti LS (versione EJB3)" />
    <property name="java.version" value="1.8.0_65" />
    <property name="user.timezone" value="" />
    <property name="resources.dir" value="/home/matbis/Documents/workspace/ProgettoSistemiDistribuitiLS_EJB3/resources" />
    <property name="sun.arch.data.model" value="64" />
    <property name="java.endorsed.dirs" value="/opt/java/jdk1.8.0_65/jre/lib/endorsed" />
    <property name="appserver.home" value="/opt/jboss/jboss-4.2.3.GA" />
    <property name="sun.cpu.isalist" value="" />
    <property name="sun.jnu.encoding" value="UTF-8" />
    <property name="file.encoding.pkg" value="sun.io" />
    <property name="file.separator" value="/" />
    <property name="java.specification.name" value="Java Platform API Specification" />
    <property name="build-test.dir" value="/home/matbis/Documents/workspace/ProgettoSistemiDistribuitiLS_EJB3/build/tests/classes" />
    <property name="java.class.version" value="52.0" />
    <property name="user.country" value="US" />
    <property name="java.home" value="/opt/java/jdk1.8.0_65/jre" />
    <property name="java.vm.info" value="mixed mode" />
    <property name="ant.file" value="/home/matbis/Documents/workspace/ProgettoSistemiDistribuitiLS_EJB3/ant/build.xml" />
    <property name="os.version" value="3.19.0-39-generic" />
    <property name="ant.file.type.Progetto Sistemi Distribuiti LS (versione EJB3)" value="file" />
    <property name="path.separator" value=":" />
    <property name="java.vm.version" value="25.65-b01" />
    <property name="web.dir" value="web" />
    <property name="ant.library.dir" value="/opt/eclipse/eclipse/plugins/org.apache.ant_1.9.4.v201504302020/lib" />
    <property name="java.awt.printerjob" value="sun.print.PSPrinterJob" />
    <property name="sun.io.unicode.encoding" value="UnicodeLittle" />
    <property name="src-test.dir" value="src-test" />
    <property name="awt.toolkit" value="sun.awt.X11.XToolkit" />
    <property name="eclipse.pdebuild.scripts" value="/opt/eclipse/eclipse/plugins/org.eclipse.pde.build_3.9.100.v20150521-1524/scripts//" />
    <property name="user.home" value="/home/matbis" />
    <property name="java.specification.vendor" value="Oracle Corporation" />
    <property name="tmp.dir" value="tmp" />
    <property name="java.library.path" value="/usr/java/packages/lib/amd64:/usr/lib64:/lib64:/lib:/usr/lib" />
    <property name="java.vendor.url" value="http://java.oracle.com/" />
    <property name="build.reports" value="/home/matbis/Documents/workspace/ProgettoSistemiDistribuitiLS_EJB3/build/reports" />
    <property name="java.vm.vendor" value="Oracle Corporation" />
    <property name="ant.file.Progetto Sistemi Distribuiti LS (versione EJB3)" value="/home/matbis/Documents/workspace/ProgettoSistemiDistribuitiLS_EJB3/ant/build.xml" />
    <property name="java.runtime.name" value="Java(TM) SE Runtime Environment" />
    <property name="sun.java.command" value="org.apache.tools.ant.taskdefs.optional.junit.JUnitTestRunner it.unibo.sdls.sampleproject.dao.tests.online.PublisherDAOTest skipNonTests=false filtertrace=true haltOnError=false haltOnFailure=false formatter=org.apache.tools.ant.taskdefs.optional.junit.SummaryJUnitResultFormatter showoutput=false outputtoformatters=true logfailedtests=true threadid=0 logtestlistenerevents=false formatter=org.apache.tools.ant.taskdefs.optional.junit.PlainJUnitResultFormatter,/home/matbis/Documents/workspace/ProgettoSistemiDistribuitiLS_EJB3/build/reports/TEST-it.unibo.sdls.sampleproject.dao.tests.online.PublisherDAOTest.txt formatter=org.apache.tools.ant.taskdefs.optional.junit.XMLJUnitResultFormatter,/home/matbis/Documents/workspace/ProgettoSistemiDistribuitiLS_EJB3/build/reports/TEST-it.unibo.sdls.sampleproject.dao.tests.online.PublisherDAOTest.xml crashfile=/home/matbis/Documents/workspace/ProgettoSistemiDistribuitiLS_EJB3/junitvmwatcher5451987112244772225.properties propsfile=/home/matbis/Documents/workspace/ProgettoSistemiDistribuitiLS_EJB3/junit5663271763230076145.properties" />
    <property name="java.class.path" value="/opt/jboss/jboss-4.2.3.GA/client/FastInfoset.jar:/opt/jboss/jboss-4.2.3.GA/client/activation.jar:/opt/jboss/jboss-4.2.3.GA/client/antlr.jar:/opt/jboss/jboss-4.2.3.GA/client/avalon-framework.jar:/opt/jboss/jboss-4.2.3.GA/client/commons-codec.jar:/opt/jboss/jboss-4.2.3.GA/client/commons-httpclient.jar:/opt/jboss/jboss-4.2.3.GA/client/commons-logging.jar:/opt/jboss/jboss-4.2.3.GA/client/concurrent.jar:/opt/jboss/jboss-4.2.3.GA/client/ejb3-persistence.jar:/opt/jboss/jboss-4.2.3.GA/client/getopt.jar:/opt/jboss/jboss-4.2.3.GA/client/hibernate-annotations.jar:/opt/jboss/jboss-4.2.3.GA/client/hibernate-client.jar:/opt/jboss/jboss-4.2.3.GA/client/jacorb.jar:/opt/jboss/jboss-4.2.3.GA/client/javassist.jar:/opt/jboss/jboss-4.2.3.GA/client/jaxb-api.jar:/opt/jboss/jboss-4.2.3.GA/client/jaxb-impl.jar:/opt/jboss/jboss-4.2.3.GA/client/jaxb-xjc.jar:/opt/jboss/jboss-4.2.3.GA/client/jaxws-rt.jar:/opt/jboss/jboss-4.2.3.GA/client/jaxws-tools.jar:/opt/jboss/jboss-4.2.3.GA/client/jboss-annotations-ejb3.jar:/opt/jboss/jboss-4.2.3.GA/client/jboss-aop-jdk50-client.jar:/opt/jboss/jboss-4.2.3.GA/client/jboss-aspect-jdk50-client.jar:/opt/jboss/jboss-4.2.3.GA/client/jboss-client.jar:/opt/jboss/jboss-4.2.3.GA/client/jboss-common-client.jar:/opt/jboss/jboss-4.2.3.GA/client/jboss-deployment.jar:/opt/jboss/jboss-4.2.3.GA/client/jboss-ejb3-client.jar:/opt/jboss/jboss-4.2.3.GA/client/jboss-ejb3x.jar:/opt/jboss/jboss-4.2.3.GA/client/jboss-iiop-client.jar:/opt/jboss/jboss-4.2.3.GA/client/jboss-j2ee.jar:/opt/jboss/jboss-4.2.3.GA/client/jboss-jaxrpc.jar:/opt/jboss/jboss-4.2.3.GA/client/jboss-jaxws-ext.jar:/opt/jboss/jboss-4.2.3.GA/client/jboss-jaxws.jar:/opt/jboss/jboss-4.2.3.GA/client/jboss-jsr77-client.jar:/opt/jboss/jboss-4.2.3.GA/client/jboss-remoting.jar:/opt/jboss/jboss-4.2.3.GA/client/jboss-saaj.jar:/opt/jboss/jboss-4.2.3.GA/client/jboss-serialization.jar:/opt/jboss/jboss-4.2.3.GA/client/jboss-srp-client.jar:/opt/jboss/jboss-4.2.3.GA/client/jboss-system-client.jar:/opt/jboss/jboss-4.2.3.GA/client/jboss-transaction-client.jar:/opt/jboss/jboss-4.2.3.GA/client/jboss-xml-binding.jar:/opt/jboss/jboss-4.2.3.GA/client/jbossall-client.jar:/opt/jboss/jboss-4.2.3.GA/client/jbosscx-client.jar:/opt/jboss/jboss-4.2.3.GA/client/jbossha-client.jar:/opt/jboss/jboss-4.2.3.GA/client/jbossjmx-ant.jar:/opt/jboss/jboss-4.2.3.GA/client/jbossmq-client.jar:/opt/jboss/jboss-4.2.3.GA/client/jbosssx-client.jar:/opt/jboss/jboss-4.2.3.GA/client/jbossws-client.jar:/opt/jboss/jboss-4.2.3.GA/client/jbossws-common.jar:/opt/jboss/jboss-4.2.3.GA/client/jbossws-framework.jar:/opt/jboss/jboss-4.2.3.GA/client/jbossws-jboss42.jar:/opt/jboss/jboss-4.2.3.GA/client/jbossws-spi.jar:/opt/jboss/jboss-4.2.3.GA/client/jettison.jar:/opt/jboss/jboss-4.2.3.GA/client/jmx-client.jar:/opt/jboss/jboss-4.2.3.GA/client/jmx-invoker-adaptor-client.jar:/opt/jboss/jboss-4.2.3.GA/client/jnp-client.jar:/opt/jboss/jboss-4.2.3.GA/client/log4j.jar:/opt/jboss/jboss-4.2.3.GA/client/logkit.jar:/opt/jboss/jboss-4.2.3.GA/client/mail.jar:/opt/jboss/jboss-4.2.3.GA/client/policy.jar:/opt/jboss/jboss-4.2.3.GA/client/scout.jar:/opt/jboss/jboss-4.2.3.GA/client/servlet-api.jar:/opt/jboss/jboss-4.2.3.GA/client/stax-api.jar:/opt/jboss/jboss-4.2.3.GA/client/stax-ex.jar:/opt/jboss/jboss-4.2.3.GA/client/streambuffer.jar:/opt/jboss/jboss-4.2.3.GA/client/trove.jar:/opt/jboss/jboss-4.2.3.GA/client/wsdl4j.jar:/opt/jboss/jboss-4.2.3.GA/client/wstx.jar:/opt/jboss/jboss-4.2.3.GA/client/xmlsec.jar:/home/matbis/Documents/workspace/ProgettoSistemiDistribuitiLS_EJB3/build/tests/classes:/home/matbis/Documents/workspace/ProgettoSistemiDistribuitiLS_EJB3/lib/compile-time/ejb3-persistence.jar:/home/matbis/Documents/workspace/ProgettoSistemiDistribuitiLS_EJB3/lib/compile-time/hibernate3.jar:/home/matbis/Documents/workspace/ProgettoSistemiDistribuitiLS_EJB3/lib/compile-time/j2ee.jar:/home/matbis/Documents/workspace/ProgettoSistemiDistribuitiLS_EJB3/lib/compile-time/jboss-ejb3x.jar:/home/matbis/Documents/workspace/ProgettoSistemiDistribuitiLS_EJB3/lib/compile-time/jboss-system.jar:/home/matbis/Documents/workspace/ProgettoSistemiDistribuitiLS_EJB3/lib/compile-time/junit-4.4.jar:/home/matbis/Documents/workspace/ProgettoSistemiDistribuitiLS_EJB3/lib/deploy-time/log4j-1.2.15.jar:/home/matbis/Documents/workspace/ProgettoSistemiDistribuitiLS_EJB3/lib/hsqldb.jar:/home/matbis/Documents/workspace/ProgettoSistemiDistribuitiLS_EJB3/build/classes:/opt/eclipse/eclipse/plugins/org.apache.ant_1.9.4.v201504302020/lib/ant-launcher.jar:/opt/eclipse/eclipse/plugins/org.apache.ant_1.9.4.v201504302020/lib/ant.jar:/opt/eclipse/eclipse/plugins/org.apache.ant_1.9.4.v201504302020/lib/ant-junit.jar:/opt/eclipse/eclipse/plugins/org.apache.ant_1.9.4.v201504302020/lib/ant-junit4.jar" />
    <property name="ant.version" value="Apache Ant(TM) version 1.9.4 compiled on April 29 2014" />
    <property name="java.vm.specification.name" value="Java Virtual Machine Specification" />
    <property name="java.vm.specification.version" value="1.8" />
    <property name="sun.cpu.endian" value="little" />
    <property name="database.file" value="sampleProjectDB" />
    <property name="sun.os.patch.level" value="unknown" />
    <property name="eclipse.pdebuild.home" value="/opt/eclipse/eclipse/plugins/org.eclipse.pde.build_3.9.100.v20150521-1524/.//" />
    <property name="java.io.tmpdir" value="/tmp" />
    <property name="deploy.path" value="/opt/jboss/jboss-4.2.3.GA/server/default/deploy" />
    <property name="java.vendor.url.bug" value="http://bugreport.sun.com/bugreport/" />
    <property name="conf.dir" value="/home/matbis/Documents/workspace/ProgettoSistemiDistribuitiLS_EJB3/bootstrap" />
    <property name="os.arch" value="amd64" />
    <property name="java.awt.graphicsenv" value="sun.awt.X11GraphicsEnvironment" />
    <property name="java.ext.dirs" value="/opt/java/jdk1.8.0_65/jre/lib/ext:/usr/java/packages/lib/ext" />
    <property name="user.dir" value="/home/matbis/Documents/workspace/ProgettoSistemiDistribuitiLS_EJB3/ant" />
    <property name="shutdown.embedded.jboss" value="true" />
    <property name="line.separator" value="&#xa;" />
    <property name="java.vm.name" value="Java HotSpot(TM) 64-Bit Server VM" />
    <property name="basedir" value="/home/matbis/Documents/workspace/ProgettoSistemiDistribuitiLS_EJB3" />
    <property name="ant.java.version" value="1.8" />
    <property name="ant.core.lib" value="/opt/eclipse/eclipse/plugins/org.apache.ant_1.9.4.v201504302020/lib/ant.jar" />
    <property name="file.encoding" value="UTF-8" />
    <property name="java.specification.version" value="1.8" />
    <property name="src.dir" value="src" />
    <property name="ant.project.invoked-targets" value="tests" />
    <property name="webapp.name" value="Progetto_EJB3" />
  </properties>
  <testcase classname="it.unibo.sdls.sampleproject.dao.tests.online.PublisherDAOTest" name="addPublishers_with_books" time="0.3" />
  <system-out><![CDATA[]]></system-out>
  <system-err><![CDATA[]]></system-err>
</testsuite>
